Performing C SOURCE FILE Test CMAKE_HAVE_LIBC_PTHREAD failed with the following output:
Change Dir: /home/master/park.mail/IZ2/CMakeFiles/CMakeTmp

Run Build Command(s):/usr/bin/make cmTC_4e3a8/fast && /usr/bin/make -f CMakeFiles/cmTC_4e3a8.dir/build.make CMakeFiles/cmTC_4e3a8.dir/build
make[1]: Entering directory '/home/master/park.mail/IZ2/CMakeFiles/CMakeTmp'
Building C object CMakeFiles/cmTC_4e3a8.dir/src.c.o
/usr/bin/cc   -DCMAKE_HAVE_LIBC_PTHREAD   -std=gnu11 -o CMakeFiles/cmTC_4e3a8.dir/src.c.o   -c /home/master/park.mail/IZ2/CMakeFiles/CMakeTmp/src.c
Linking C executable cmTC_4e3a8
/snap/cmake/118/bin/cmake -E cmake_link_script CMakeFiles/cmTC_4e3a8.dir/link.txt --verbose=1
/usr/bin/cc  -DCMAKE_HAVE_LIBC_PTHREAD    CMakeFiles/cmTC_4e3a8.dir/src.c.o  -o cmTC_4e3a8 
CMakeFiles/cmTC_4e3a8.dir/src.c.o: In function `main':
src.c:(.text+0x3e): undefined reference to `pthread_create'
src.c:(.text+0x4a): undefined reference to `pthread_detach'
src.c:(.text+0x5b): undefined reference to `pthread_join'
src.c:(.text+0x6f): undefined reference to `pthread_atfork'
collect2: error: ld returned 1 exit status
CMakeFiles/cmTC_4e3a8.dir/build.make:86: recipe for target 'cmTC_4e3a8' failed
make[1]: *** [cmTC_4e3a8] Error 1
make[1]: Leaving directory '/home/master/park.mail/IZ2/CMakeFiles/CMakeTmp'
Makefile:121: recipe for target 'cmTC_4e3a8/fast' failed
make: *** [cmTC_4e3a8/fast] Error 2


Source file was:
#include <pthread.h>

void* test_func(void* data)
{
  return data;
}

int main(void)
{
  pthread_t thread;
  pthread_create(&thread, NULL, test_func, NULL);
  pthread_detach(thread);
  pthread_join(thread, NULL);
  pthread_atfork(NULL, NULL, NULL);
  pthread_exit(NULL);

  return 0;
}

Determining if the function pthread_create exists in the pthreads failed with the following output:
Change Dir: /home/master/park.mail/IZ2/CMakeFiles/CMakeTmp

Run Build Command(s):/usr/bin/make cmTC_2b532/fast && /usr/bin/make -f CMakeFiles/cmTC_2b532.dir/build.make CMakeFiles/cmTC_2b532.dir/build
make[1]: Entering directory '/home/master/park.mail/IZ2/CMakeFiles/CMakeTmp'
Building C object CMakeFiles/cmTC_2b532.dir/CheckFunctionExists.c.o
/usr/bin/cc   -DCHECK_FUNCTION_EXISTS=pthread_create   -std=gnu11 -o CMakeFiles/cmTC_2b532.dir/CheckFunctionExists.c.o   -c /snap/cmake/118/share/cmake-3.15/Modules/CheckFunctionExists.c
Linking C executable cmTC_2b532
/snap/cmake/118/bin/cmake -E cmake_link_script CMakeFiles/cmTC_2b532.dir/link.txt --verbose=1
/usr/bin/cc  -DCHECK_FUNCTION_EXISTS=pthread_create    CMakeFiles/cmTC_2b532.dir/CheckFunctionExists.c.o  -o cmTC_2b532 -lpthreads 
/usr/bin/ld: cannot find -lpthreads
collect2: error: ld returned 1 exit status
CMakeFiles/cmTC_2b532.dir/build.make:86: recipe for target 'cmTC_2b532' failed
make[1]: *** [cmTC_2b532] Error 1
make[1]: Leaving directory '/home/master/park.mail/IZ2/CMakeFiles/CMakeTmp'
Makefile:121: recipe for target 'cmTC_2b532/fast' failed
make: *** [cmTC_2b532/fast] Error 2



